<?xml version="1.0" encoding="UTF-8"?>
<coverage generated="1769754056116" clover="3.2.0">
  <project timestamp="1769754056117" name="All files">
    <metrics statements="4710" coveredstatements="2342" conditionals="2789" coveredconditionals="1073" methods="865" coveredmethods="407" elements="8364" coveredelements="3822" complexity="0" loc="4710" ncloc="4710" packages="17" files="153" classes="153"/>
    <package name="src">
      <metrics statements="49" coveredstatements="48" conditionals="11" coveredconditionals="8" methods="8" coveredmethods="7"/>
      <file name="app.ts" path="Z:\home\swoop\swoop-claude-projects\fresh-staged\backend\src\app.ts">
        <metrics statements="49" coveredstatements="48" conditionals="11" coveredconditionals="8" methods="8" coveredmethods="7"/>
        <line num="49" count="64" type="cond" truecount="1" falsecount="1"/>
        <line num="51" count="64" type="stmt"/>
        <line num="67" count="64" type="cond" truecount="1" falsecount="1"/>
        <line num="68" count="0" type="stmt"/>
        <line num="77" count="64" type="stmt"/>
        <line num="86" count="64" type="stmt"/>
        <line num="109" count="64" type="cond" truecount="2" falsecount="0"/>
        <line num="110" count="64" type="cond" truecount="2" falsecount="0"/>
        <line num="111" count="64" type="stmt"/>
        <line num="117" count="351" type="cond" truecount="1" falsecount="1"/>
        <line num="121" count="351" type="stmt"/>
        <line num="126" count="64" type="stmt"/>
        <line num="133" count="64" type="stmt"/>
        <line num="134" count="64" type="stmt"/>
        <line num="137" count="64" type="stmt"/>
        <line num="140" count="64" type="stmt"/>
        <line num="148" count="64" type="stmt"/>
        <line num="151" count="64" type="stmt"/>
        <line num="154" count="64" type="stmt"/>
        <line num="157" count="64" type="stmt"/>
        <line num="163" count="23" type="stmt"/>
        <line num="169" count="64" type="stmt"/>
        <line num="172" count="64" type="stmt"/>
        <line num="173" count="64" type="stmt"/>
        <line num="174" count="64" type="stmt"/>
        <line num="175" count="64" type="stmt"/>
        <line num="176" count="64" type="stmt"/>
        <line num="179" count="64" type="stmt"/>
        <line num="182" count="64" type="stmt"/>
        <line num="185" count="64" type="stmt"/>
        <line num="188" count="64" type="stmt"/>
        <line num="191" count="64" type="stmt"/>
        <line num="194" count="64" type="stmt"/>
        <line num="197" count="64" type="stmt"/>
        <line num="200" count="64" type="stmt"/>
        <line num="203" count="64" type="stmt"/>
        <line num="206" count="64" type="stmt"/>
        <line num="209" count="64" type="stmt"/>
        <line num="212" count="64" type="stmt"/>
        <line num="215" count="64" type="stmt"/>
        <line num="218" count="64" type="stmt"/>
        <line num="221" count="64" type="stmt"/>
        <line num="224" count="64" type="stmt"/>
        <line num="227" count="1" type="stmt"/>
        <line num="231" count="64" type="stmt"/>
        <line num="237" count="10" type="stmt"/>
        <line num="246" count="64" type="stmt"/>
        <line num="252" count="7" type="stmt"/>
        <line num="256" count="64" type="stmt"/>
      </file>
    </package>
    <package name="src.config">
      <metrics statements="37" coveredstatements="29" conditionals="37" coveredconditionals="22" methods="7" coveredmethods="7"/>
      <file name="escalation.config.ts" path="Z:\home\swoop\swoop-claude-projects\fresh-staged\backend\src\config\escalation.config.ts">
        <metrics statements="11" coveredstatements="11" conditionals="13" coveredconditionals="13" methods="3" coveredmethods="3"/>
        <line num="55" count="1" type="stmt"/>
        <line num="94" count="1" type="stmt"/>
        <line num="110" count="35" type="cond" truecount="2" falsecount="0"/>
        <line num="125" count="10" type="stmt"/>
        <line num="126" count="10" type="cond" truecount="4" falsecount="0"/>
        <line num="127" count="5" type="stmt"/>
        <line num="130" count="5" type="stmt"/>
        <line num="146" count="15" type="stmt"/>
        <line num="147" count="15" type="cond" truecount="5" falsecount="0"/>
        <line num="148" count="5" type="stmt"/>
        <line num="151" count="10" type="cond" truecount="2" falsecount="0"/>
      </file>
      <file name="telnyx.config.ts" path="Z:\home\swoop\swoop-claude-projects\fresh-staged\backend\src\config\telnyx.config.ts">
        <metrics statements="21" coveredstatements="13" conditionals="24" coveredconditionals="9" methods="4" coveredmethods="4"/>
        <line num="38" count="19" type="stmt"/>
        <line num="58" count="19" type="stmt"/>
        <line num="88" count="20" type="cond" truecount="2" falsecount="0"/>
        <line num="89" count="10" type="cond" truecount="2" falsecount="0"/>
        <line num="90" count="3" type="stmt"/>
        <line num="105" count="19" type="stmt"/>
        <line num="119" count="23" type="stmt"/>
        <line num="140" count="5" type="cond" truecount="3" falsecount="1"/>
        <line num="141" count="5" type="stmt"/>
        <line num="144" count="5" type="cond" truecount="1" falsecount="1"/>
        <line num="145" count="5" type="stmt"/>
        <line num="149" count="0" type="cond" truecount="0" falsecount="4"/>
        <line num="150" count="0" type="stmt"/>
        <line num="151" count="0" type="cond" truecount="0" falsecount="4"/>
        <line num="152" count="0" type="stmt"/>
        <line num="153" count="0" type="cond" truecount="0" falsecount="4"/>
        <line num="154" count="0" type="stmt"/>
        <line num="160" count="0" type="stmt"/>
        <line num="177" count="5" type="cond" truecount="1" falsecount="1"/>
        <line num="178" count="0" type="stmt"/>
        <line num="180" count="5" type="stmt"/>
      </file>
      <file name="unit-state.config.ts" path="Z:\home\swoop\swoop-claude-projects\fresh-staged\backend\src\config\unit-state.config.ts">
        <metrics statements="5" coveredstatements="5" conditionals="0" coveredconditionals="0" methods="0" coveredmethods="0"/>
        <line num="22" count="1" type="stmt"/>
        <line num="35" count="1" type="stmt"/>
        <line num="45" count="1" type="stmt"/>
        <line num="66" count="1" type="stmt"/>
        <line num="95" count="1" type="stmt"/>
      </file>
    </package>
    <package name="src.db">
      <metrics statements="7" coveredstatements="3" conditionals="0" coveredconditionals="0" methods="2" coveredmethods="0"/>
      <file name="client.ts" path="Z:\home\swoop\swoop-claude-projects\fresh-staged\backend\src\db\client.ts">
        <metrics statements="7" coveredstatements="3" conditionals="0" coveredconditionals="0" methods="2" coveredmethods="0"/>
        <line num="36" count="33" type="stmt"/>
        <line num="43" count="33" type="stmt"/>
        <line num="46" count="0" type="stmt"/>
        <line num="50" count="33" type="stmt"/>
        <line num="51" count="0" type="stmt"/>
        <line num="52" count="0" type="stmt"/>
        <line num="53" count="0" type="stmt"/>
      </file>
    </package>
    <package name="src.db.schema">
      <metrics statements="138" coveredstatements="86" conditionals="0" coveredconditionals="0" methods="84" coveredmethods="32"/>
      <file name="alerts.ts" path="Z:\home\swoop\swoop-claude-projects\fresh-staged\backend\src\db\schema\alerts.ts">
        <metrics statements="22" coveredstatements="9" conditionals="0" coveredconditionals="0" methods="17" coveredmethods="4"/>
        <line num="21" count="45" type="stmt"/>
        <line num="36" count="0" type="stmt"/>
        <line num="40" count="45" type="stmt"/>
        <line num="46" count="0" type="stmt"/>
        <line num="48" count="0" type="stmt"/>
        <line num="49" count="0" type="stmt"/>
        <line num="89" count="33" type="stmt"/>
        <line num="98" count="45" type="stmt"/>
        <line num="103" count="0" type="stmt"/>
        <line num="105" count="0" type="stmt"/>
        <line num="119" count="33" type="stmt"/>
        <line num="126" count="45" type="stmt"/>
        <line num="131" count="0" type="stmt"/>
        <line num="133" count="0" type="stmt"/>
        <line num="158" count="0" type="stmt"/>
        <line num="166" count="0" type="stmt"/>
        <line num="180" count="33" type="stmt"/>
        <line num="191" count="45" type="stmt"/>
        <line num="196" count="0" type="stmt"/>
        <line num="199" count="0" type="stmt"/>
        <line num="201" count="0" type="stmt"/>
        <line num="227" count="33" type="stmt"/>
      </file>
      <file name="audit.ts" path="Z:\home\swoop\swoop-claude-projects\fresh-staged\backend\src\db\schema\audit.ts">
        <metrics statements="4" coveredstatements="2" conditionals="0" coveredconditionals="0" methods="3" coveredmethods="1"/>
        <line num="15" count="43" type="stmt"/>
        <line num="20" count="0" type="stmt"/>
        <line num="24" count="0" type="stmt"/>
        <line num="65" count="33" type="stmt"/>
      </file>
      <file name="billing.ts" path="Z:\home\swoop\swoop-claude-projects\fresh-staged\backend\src\db\schema\billing.ts">
        <metrics statements="2" coveredstatements="2" conditionals="0" coveredconditionals="0" methods="1" coveredmethods="1"/>
        <line num="11" count="44" type="stmt"/>
        <line num="23" count="33" type="stmt"/>
      </file>
      <file name="devices.ts" path="Z:\home\swoop\swoop-claude-projects\fresh-staged\backend\src\db\schema\devices.ts">
        <metrics statements="15" coveredstatements="9" conditionals="0" coveredconditionals="0" methods="10" coveredmethods="4"/>
        <line num="16" count="44" type="stmt"/>
        <line num="31" count="0" type="stmt"/>
        <line num="35" count="44" type="stmt"/>
        <line num="39" count="0" type="stmt"/>
        <line num="40" count="0" type="stmt"/>
        <line num="56" count="33" type="stmt"/>
        <line num="65" count="44" type="stmt"/>
        <line num="70" count="0" type="stmt"/>
        <line num="85" count="33" type="stmt"/>
        <line num="93" count="44" type="stmt"/>
        <line num="98" count="0" type="stmt"/>
        <line num="118" count="33" type="stmt"/>
        <line num="126" count="44" type="stmt"/>
        <line num="130" count="0" type="stmt"/>
        <line num="155" count="33" type="stmt"/>
      </file>
      <file name="enums.ts" path="Z:\home\swoop\swoop-claude-projects\fresh-staged\backend\src\db\schema\enums.ts">
        <metrics statements="15" coveredstatements="15" conditionals="0" coveredconditionals="0" methods="0" coveredmethods="0"/>
        <line num="4" count="48" type="stmt"/>
        <line num="13" count="48" type="stmt"/>
        <line num="23" count="48" type="stmt"/>
        <line num="26" count="48" type="stmt"/>
        <line num="36" count="48" type="stmt"/>
        <line num="42" count="48" type="stmt"/>
        <line num="50" count="48" type="stmt"/>
        <line num="59" count="48" type="stmt"/>
        <line num="66" count="48" type="stmt"/>
        <line num="75" count="48" type="stmt"/>
        <line num="81" count="48" type="stmt"/>
        <line num="89" count="48" type="stmt"/>
        <line num="97" count="48" type="stmt"/>
        <line num="103" count="48" type="stmt"/>
        <line num="111" count="48" type="stmt"/>
      </file>
      <file name="hierarchy.ts" path="Z:\home\swoop\swoop-claude-projects\fresh-staged\backend\src\db\schema\hierarchy.ts">
        <metrics statements="18" coveredstatements="11" conditionals="0" coveredconditionals="0" methods="12" coveredmethods="5"/>
        <line num="16" count="46" type="stmt"/>
        <line num="31" count="0" type="stmt"/>
        <line num="41" count="46" type="stmt"/>
        <line num="46" count="0" type="stmt"/>
        <line num="63" count="33" type="stmt"/>
        <line num="70" count="46" type="stmt"/>
        <line num="75" count="0" type="stmt"/>
        <line num="83" count="33" type="stmt"/>
        <line num="90" count="46" type="stmt"/>
        <line num="95" count="0" type="stmt"/>
        <line num="122" count="33" type="stmt"/>
        <line num="131" count="46" type="stmt"/>
        <line num="136" count="0" type="stmt"/>
        <line num="150" count="33" type="stmt"/>
        <line num="157" count="46" type="stmt"/>
        <line num="162" count="0" type="stmt"/>
        <line num="165" count="0" type="stmt"/>
        <line num="183" count="33" type="stmt"/>
      </file>
      <file name="index.ts" path="Z:\home\swoop\swoop-claude-projects\fresh-staged\backend\src\db\schema\index.ts">
        <metrics statements="0" coveredstatements="0" conditionals="0" coveredconditionals="0" methods="0" coveredmethods="0"/>
      </file>
      <file name="notifications.ts" path="Z:\home\swoop\swoop-claude-projects\fresh-staged\backend\src\db\schema\notifications.ts">
        <metrics statements="4" coveredstatements="2" conditionals="0" coveredconditionals="0" methods="3" coveredmethods="1"/>
        <line num="17" count="45" type="stmt"/>
        <line num="22" count="0" type="stmt"/>
        <line num="24" count="0" type="stmt"/>
        <line num="75" count="33" type="stmt"/>
      </file>
      <file name="pilot-feedback.ts" path="Z:\home\swoop\swoop-claude-projects\fresh-staged\backend\src\db\schema\pilot-feedback.ts">
        <metrics statements="6" coveredstatements="3" conditionals="0" coveredconditionals="0" methods="4" coveredmethods="1"/>
        <line num="16" count="43" type="stmt"/>
        <line num="29" count="43" type="stmt"/>
        <line num="34" count="0" type="stmt"/>
        <line num="36" count="0" type="stmt"/>
        <line num="45" count="0" type="stmt"/>
        <line num="49" count="33" type="stmt"/>
      </file>
      <file name="reading-metrics.ts" path="Z:\home\swoop\swoop-claude-projects\fresh-staged\backend\src\db\schema\reading-metrics.ts">
        <metrics statements="4" coveredstatements="3" conditionals="0" coveredconditionals="0" methods="2" coveredmethods="1"/>
        <line num="25" count="43" type="stmt"/>
        <line num="30" count="0" type="stmt"/>
        <line num="74" count="33" type="stmt"/>
        <line num="102" count="43" type="stmt"/>
      </file>
      <file name="telemetry.ts" path="Z:\home\swoop\swoop-claude-projects\fresh-staged\backend\src\db\schema\telemetry.ts">
        <metrics statements="16" coveredstatements="8" conditionals="0" coveredconditionals="0" methods="12" coveredmethods="4"/>
        <line num="19" count="43" type="stmt"/>
        <line num="24" count="0" type="stmt"/>
        <line num="26" count="0" type="stmt"/>
        <line num="53" count="33" type="stmt"/>
        <line num="64" count="43" type="stmt"/>
        <line num="69" count="0" type="stmt"/>
        <line num="71" count="0" type="stmt"/>
        <line num="93" count="33" type="stmt"/>
        <line num="101" count="43" type="stmt"/>
        <line num="106" count="0" type="stmt"/>
        <line num="108" count="0" type="stmt"/>
        <line num="129" count="33" type="stmt"/>
        <line num="137" count="43" type="stmt"/>
        <line num="142" count="0" type="stmt"/>
        <line num="168" count="0" type="stmt"/>
        <line num="170" count="33" type="stmt"/>
      </file>
      <file name="tenancy.ts" path="Z:\home\swoop\swoop-claude-projects\fresh-staged\backend\src\db\schema\tenancy.ts">
        <metrics statements="16" coveredstatements="11" conditionals="0" coveredconditionals="0" methods="10" coveredmethods="5"/>
        <line num="19" count="47" type="stmt"/>
        <line num="34" count="0" type="stmt"/>
        <line num="43" count="47" type="stmt"/>
        <line num="57" count="33" type="stmt"/>
        <line num="61" count="47" type="stmt"/>
        <line num="66" count="0" type="stmt"/>
        <line num="94" count="33" type="stmt"/>
        <line num="101" count="47" type="stmt"/>
        <line num="106" count="0" type="stmt"/>
        <line num="152" count="33" type="stmt"/>
        <line num="159" count="47" type="stmt"/>
        <line num="164" count="0" type="stmt"/>
        <line num="182" count="33" type="stmt"/>
        <line num="189" count="47" type="stmt"/>
        <line num="194" count="0" type="stmt"/>
        <line num="206" count="33" type="stmt"/>
      </file>
      <file name="users.ts" path="Z:\home\swoop\swoop-claude-projects\fresh-staged\backend\src\db\schema\users.ts">
        <metrics statements="16" coveredstatements="11" conditionals="0" coveredconditionals="0" methods="10" coveredmethods="5"/>
        <line num="16" count="46" type="stmt"/>
        <line num="31" count="0" type="stmt"/>
        <line num="35" count="46" type="stmt"/>
        <line num="42" count="0" type="stmt"/>
        <line num="61" count="33" type="stmt"/>
        <line num="69" count="46" type="stmt"/>
        <line num="75" count="0" type="stmt"/>
        <line num="80" count="33" type="stmt"/>
        <line num="88" count="46" type="stmt"/>
        <line num="93" count="0" type="stmt"/>
        <line num="96" count="0" type="stmt"/>
        <line num="104" count="33" type="stmt"/>
        <line num="115" count="46" type="stmt"/>
        <line num="123" count="33" type="stmt"/>
        <line num="130" count="46" type="stmt"/>
        <line num="146" count="33" type="stmt"/>
      </file>
    </package>
    <package name="src.jobs">
      <metrics statements="6" coveredstatements="6" conditionals="0" coveredconditionals="0" methods="0" coveredmethods="0"/>
      <file name="index.ts" path="Z:\home\swoop\swoop-claude-projects\fresh-staged\backend\src\jobs\index.ts">
        <metrics statements="6" coveredstatements="6" conditionals="0" coveredconditionals="0" methods="0" coveredmethods="0"/>
        <line num="50" count="36" type="stmt"/>
        <line num="59" count="36" type="stmt"/>
        <line num="74" count="36" type="stmt"/>
        <line num="96" count="36" type="stmt"/>
        <line num="117" count="36" type="stmt"/>
        <line num="135" count="36" type="stmt"/>
      </file>
    </package>
    <package name="src.jobs.schedulers">
      <metrics statements="28" coveredstatements="7" conditionals="17" coveredconditionals="4" methods="2" coveredmethods="2"/>
      <file name="digest-schedulers.ts" path="Z:\home\swoop\swoop-claude-projects\fresh-staged\backend\src\jobs\schedulers\digest-schedulers.ts">
        <metrics statements="28" coveredstatements="7" conditionals="17" coveredconditionals="4" methods="2" coveredmethods="2"/>
        <line num="38" count="7" type="stmt"/>
        <line num="39" count="7" type="cond" truecount="2" falsecount="2"/>
        <line num="40" count="7" type="stmt"/>
        <line num="41" count="7" type="stmt"/>
        <line num="44" count="0" type="stmt"/>
        <line num="45" count="0" type="cond" truecount="0" falsecount="2"/>
        <line num="46" count="0" type="stmt"/>
        <line num="47" count="0" type="stmt"/>
        <line num="50" count="0" type="cond" truecount="0" falsecount="1"/>
        <line num="53" count="0" type="stmt"/>
        <line num="56" count="0" type="cond" truecount="0" falsecount="2"/>
        <line num="57" count="0" type="stmt"/>
        <line num="78" count="0" type="stmt"/>
        <line num="81" count="0" type="stmt"/>
        <line num="82" count="0" type="stmt"/>
        <line num="86" count="0" type="cond" truecount="0" falsecount="2"/>
        <line num="87" count="0" type="stmt"/>
        <line num="108" count="0" type="stmt"/>
        <line num="110" count="0" type="stmt"/>
        <line num="111" count="0" type="stmt"/>
        <line num="124" count="1" type="stmt"/>
        <line num="125" count="1" type="cond" truecount="2" falsecount="2"/>
        <line num="126" count="1" type="stmt"/>
        <line num="129" count="0" type="stmt"/>
        <line num="130" count="0" type="cond" truecount="0" falsecount="2"/>
        <line num="132" count="0" type="stmt"/>
        <line num="133" count="0" type="stmt"/>
        <line num="134" count="0" type="stmt"/>
      </file>
    </package>
    <package name="src.middleware">
      <metrics statements="121" coveredstatements="52" conditionals="78" coveredconditionals="28" methods="12" coveredmethods="5"/>
      <file name="api-key-auth.ts" path="Z:\home\swoop\swoop-claude-projects\fresh-staged\backend\src\middleware\api-key-auth.ts">
        <metrics statements="14" coveredstatements="0" conditionals="10" coveredconditionals="0" methods="3" coveredmethods="0"/>
        <line num="22" count="0" type="cond" truecount="0" falsecount="2"/>
        <line num="23" count="0" type="stmt"/>
        <line num="24" count="0" type="stmt"/>
        <line num="25" count="0" type="stmt"/>
        <line num="45" count="0" type="cond" truecount="0" falsecount="2"/>
        <line num="48" count="0" type="cond" truecount="0" falsecount="4"/>
        <line num="49" count="0" type="stmt"/>
        <line num="60" count="0" type="stmt"/>
        <line num="72" count="0" type="stmt"/>
        <line num="73" count="0" type="stmt"/>
        <line num="76" count="0" type="cond" truecount="0" falsecount="2"/>
        <line num="77" count="0" type="stmt"/>
        <line num="86" count="0" type="stmt"/>
        <line num="95" count="0" type="stmt"/>
      </file>
      <file name="auth.ts" path="Z:\home\swoop\swoop-claude-projects\fresh-staged\backend\src\middleware\auth.ts">
        <metrics statements="20" coveredstatements="20" conditionals="14" coveredconditionals="14" methods="1" coveredmethods="1"/>
        <line num="44" count="235" type="stmt"/>
        <line num="45" count="235" type="stmt"/>
        <line num="49" count="235" type="cond" truecount="4" falsecount="0"/>
        <line num="51" count="218" type="stmt"/>
        <line num="52" count="17" type="cond" truecount="2" falsecount="0"/>
        <line num="54" count="1" type="stmt"/>
        <line num="57" count="235" type="cond" truecount="2" falsecount="0"/>
        <line num="58" count="17" type="stmt"/>
        <line num="64" count="218" type="stmt"/>
        <line num="66" count="218" type="stmt"/>
        <line num="69" count="212" type="stmt"/>
        <line num="75" count="212" type="stmt"/>
        <line num="78" count="6" type="stmt"/>
        <line num="80" count="6" type="cond" truecount="2" falsecount="0"/>
        <line num="81" count="2" type="stmt"/>
        <line num="82" count="4" type="cond" truecount="2" falsecount="0"/>
        <line num="83" count="1" type="stmt"/>
        <line num="84" count="3" type="cond" truecount="2" falsecount="0"/>
        <line num="85" count="1" type="stmt"/>
        <line num="88" count="6" type="stmt"/>
      </file>
      <file name="index.ts" path="Z:\home\swoop\swoop-claude-projects\fresh-staged\backend\src\middleware\index.ts">
        <metrics statements="0" coveredstatements="0" conditionals="0" coveredconditionals="0" methods="0" coveredmethods="0"/>
      </file>
      <file name="org-context.ts" path="Z:\home\swoop\swoop-claude-projects\fresh-staged\backend\src\middleware\org-context.ts">
        <metrics statements="19" coveredstatements="15" conditionals="8" coveredconditionals="6" methods="1" coveredmethods="1"/>
        <line num="8" count="16" type="stmt"/>
        <line num="43" count="211" type="cond" truecount="1" falsecount="1"/>
        <line num="44" count="0" type="stmt"/>
        <line num="48" count="0" type="stmt"/>
        <line num="52" count="211" type="stmt"/>
        <line num="55" count="211" type="cond" truecount="1" falsecount="1"/>
        <line num="56" count="0" type="stmt"/>
        <line num="60" count="0" type="stmt"/>
        <line num="64" count="211" type="cond" truecount="2" falsecount="0"/>
        <line num="65" count="1" type="stmt"/>
        <line num="69" count="1" type="stmt"/>
        <line num="73" count="210" type="stmt"/>
        <line num="76" count="210" type="cond" truecount="2" falsecount="0"/>
        <line num="77" count="21" type="stmt"/>
        <line num="81" count="21" type="stmt"/>
        <line num="85" count="189" type="stmt"/>
        <line num="93" count="189" type="stmt"/>
        <line num="94" count="189" type="stmt"/>
        <line num="95" count="189" type="stmt"/>
      </file>
      <file name="rbac.ts" path="Z:\home\swoop\swoop-claude-projects\fresh-staged\backend\src\middleware\rbac.ts">
        <metrics statements="15" coveredstatements="13" conditionals="10" coveredconditionals="8" methods="2" coveredmethods="2"/>
        <line num="14" count="17" type="stmt"/>
        <line num="42" count="1408" type="stmt"/>
        <line num="47" count="124" type="cond" truecount="1" falsecount="1"/>
        <line num="48" count="0" type="stmt"/>
        <line num="55" count="124" type="cond" truecount="3" falsecount="1"/>
        <line num="56" count="0" type="stmt"/>
        <line num="63" count="124" type="cond" truecount="2" falsecount="0"/>
        <line num="64" count="124" type="stmt"/>
        <line num="67" count="124" type="cond" truecount="2" falsecount="0"/>
        <line num="68" count="49" type="stmt"/>
        <line num="84" count="17" type="stmt"/>
        <line num="87" count="17" type="stmt"/>
        <line num="90" count="17" type="stmt"/>
        <line num="93" count="17" type="stmt"/>
        <line num="96" count="17" type="stmt"/>
      </file>
      <file name="socket-auth.ts" path="Z:\home\swoop\swoop-claude-projects\fresh-staged\backend\src\middleware\socket-auth.ts">
        <metrics statements="25" coveredstatements="1" conditionals="14" coveredconditionals="0" methods="2" coveredmethods="1"/>
        <line num="53" count="63" type="stmt"/>
        <line num="54" count="0" type="stmt"/>
        <line num="56" count="0" type="stmt"/>
        <line num="58" count="0" type="cond" truecount="0" falsecount="2"/>
        <line num="59" count="0" type="stmt"/>
        <line num="63" count="0" type="stmt"/>
        <line num="68" count="0" type="stmt"/>
        <line num="70" count="0" type="cond" truecount="0" falsecount="2"/>
        <line num="71" count="0" type="stmt"/>
        <line num="75" count="0" type="stmt"/>
        <line num="83" count="0" type="stmt"/>
        <line num="84" count="0" type="stmt"/>
        <line num="85" count="0" type="stmt"/>
        <line num="86" count="0" type="cond" truecount="0" falsecount="2"/>
        <line num="87" count="0" type="stmt"/>
        <line num="90" count="0" type="stmt"/>
        <line num="93" count="0" type="cond" truecount="0" falsecount="2"/>
        <line num="94" count="0" type="stmt"/>
        <line num="95" count="0" type="cond" truecount="0" falsecount="2"/>
        <line num="96" count="0" type="stmt"/>
        <line num="97" count="0" type="cond" truecount="0" falsecount="2"/>
        <line num="98" count="0" type="stmt"/>
        <line num="99" count="0" type="cond" truecount="0" falsecount="2"/>
        <line num="100" count="0" type="stmt"/>
        <line num="104" count="0" type="stmt"/>
      </file>
      <file name="subscription.ts" path="Z:\home\swoop\swoop-claude-projects\fresh-staged\backend\src\middleware\subscription.ts">
        <metrics statements="28" coveredstatements="3" conditionals="22" coveredconditionals="0" methods="3" coveredmethods="0"/>
        <line num="23" count="17" type="stmt"/>
        <line num="38" count="17" type="stmt"/>
        <line num="43" count="0" type="stmt"/>
        <line num="44" count="0" type="cond" truecount="0" falsecount="2"/>
        <line num="45" count="0" type="stmt"/>
        <line num="53" count="0" type="stmt"/>
        <line num="54" count="0" type="cond" truecount="0" falsecount="2"/>
        <line num="55" count="0" type="stmt"/>
        <line num="64" count="0" type="stmt"/>
        <line num="74" count="0" type="cond" truecount="0" falsecount="2"/>
        <line num="78" count="0" type="stmt"/>
        <line num="104" count="17" type="stmt"/>
        <line num="109" count="0" type="stmt"/>
        <line num="110" count="0" type="cond" truecount="0" falsecount="2"/>
        <line num="111" count="0" type="stmt"/>
        <line num="119" count="0" type="stmt"/>
        <line num="120" count="0" type="cond" truecount="0" falsecount="2"/>
        <line num="121" count="0" type="stmt"/>
        <line num="130" count="0" type="stmt"/>
        <line num="136" count="0" type="cond" truecount="0" falsecount="2"/>
        <line num="137" count="0" type="stmt"/>
        <line num="147" count="0" type="stmt"/>
        <line num="157" count="0" type="cond" truecount="0" falsecount="2"/>
        <line num="158" count="0" type="stmt"/>
        <line num="160" count="0" type="cond" truecount="0" falsecount="2"/>
        <line num="161" count="0" type="stmt"/>
        <line num="181" count="0" type="stmt"/>
        <line num="191" count="0" type="cond" truecount="0" falsecount="2"/>
      </file>
    </package>
    <package name="src.plugins">
      <metrics statements="162" coveredstatements="82" conditionals="75" coveredconditionals="26" methods="31" coveredmethods="14"/>
      <file name="auth.plugin.ts" path="Z:\home\swoop\swoop-claude-projects\fresh-staged\backend\src\plugins\auth.plugin.ts">
        <metrics statements="1" coveredstatements="1" conditionals="0" coveredconditionals="0" methods="1" coveredmethods="1"/>
        <line num="22" count="64" type="stmt"/>
      </file>
      <file name="email.plugin.ts" path="Z:\home\swoop\swoop-claude-projects\fresh-staged\backend\src\plugins\email.plugin.ts">
        <metrics statements="8" coveredstatements="7" conditionals="2" coveredconditionals="1" methods="1" coveredmethods="1"/>
        <line num="31" count="18" type="stmt"/>
        <line num="33" count="64" type="stmt"/>
        <line num="36" count="64" type="stmt"/>
        <line num="39" count="64" type="stmt"/>
        <line num="42" count="64" type="cond" truecount="1" falsecount="1"/>
        <line num="43" count="0" type="stmt"/>
        <line num="45" count="64" type="stmt"/>
        <line num="49" count="18" type="stmt"/>
      </file>
      <file name="error-handler.plugin.ts" path="Z:\home\swoop\swoop-claude-projects\fresh-staged\backend\src\plugins\error-handler.plugin.ts">
        <metrics statements="71" coveredstatements="33" conditionals="56" coveredconditionals="19" methods="11" coveredmethods="5"/>
        <line num="41" count="18" type="stmt"/>
        <line num="42" count="18" type="stmt"/>
        <line num="45" count="18" type="stmt"/>
        <line num="47" count="64" type="cond" truecount="2" falsecount="2"/>
        <line num="48" count="0" type="stmt"/>
        <line num="51" count="0" type="stmt"/>
        <line num="52" count="0" type="stmt"/>
        <line num="53" count="0" type="stmt"/>
        <line num="64" count="0" type="stmt"/>
        <line num="74" count="0" type="cond" truecount="0" falsecount="2"/>
        <line num="75" count="0" type="cond" truecount="0" falsecount="2"/>
        <line num="76" count="0" type="cond" truecount="0" falsecount="4"/>
        <line num="77" count="0" type="stmt"/>
        <line num="82" count="0" type="cond" truecount="0" falsecount="2"/>
        <line num="83" count="0" type="stmt"/>
        <line num="86" count="0" type="stmt"/>
        <line num="97" count="8" type="cond" truecount="2" falsecount="2"/>
        <line num="98" count="8" type="stmt"/>
        <line num="101" count="0" type="stmt"/>
        <line num="102" count="0" type="stmt"/>
        <line num="103" count="0" type="stmt"/>
        <line num="104" count="0" type="stmt"/>
        <line num="105" count="0" type="stmt"/>
        <line num="106" count="0" type="stmt"/>
        <line num="113" count="0" type="stmt"/>
        <line num="115" count="0" type="cond" truecount="0" falsecount="2"/>
        <line num="116" count="0" type="stmt"/>
        <line num="122" count="0" type="stmt"/>
        <line num="126" count="18" type="stmt"/>
        <line num="128" count="64" type="stmt"/>
        <line num="131" count="64" type="stmt"/>
        <line num="132" count="49" type="stmt"/>
        <line num="135" count="49" type="stmt"/>
        <line num="145" count="49" type="cond" truecount="1" falsecount="1"/>
        <line num="146" count="0" type="stmt"/>
        <line num="147" count="0" type="stmt"/>
        <line num="152" count="0" type="stmt"/>
        <line num="159" count="0" type="stmt"/>
        <line num="160" count="0" type="stmt"/>
        <line num="164" count="49" type="cond" truecount="2" falsecount="0"/>
        <line num="165" count="45" type="cond" truecount="1" falsecount="1"/>
        <line num="166" count="45" type="stmt"/>
        <line num="169" count="45" type="cond" truecount="2" falsecount="0"/>
        <line num="170" count="4" type="stmt"/>
        <line num="171" count="4" type="stmt"/>
        <line num="173" count="41" type="stmt"/>
        <line num="176" count="45" type="stmt"/>
        <line num="186" count="45" type="stmt"/>
        <line num="190" count="4" type="stmt"/>
        <line num="191" count="4" type="stmt"/>
        <line num="193" count="4" type="stmt"/>
        <line num="201" count="49" type="stmt"/>
        <line num="205" count="64" type="stmt"/>
        <line num="206" count="399" type="stmt"/>
        <line num="207" count="399" type="stmt"/>
        <line num="210" count="399" type="cond" truecount="1" falsecount="1"/>
        <line num="211" count="0" type="stmt"/>
        <line num="220" count="399" type="cond" truecount="2" falsecount="0"/>
        <line num="221" count="8" type="stmt"/>
        <line num="229" count="399" type="stmt"/>
        <line num="233" count="64" type="cond" truecount="1" falsecount="1"/>
        <line num="234" count="0" type="stmt"/>
        <line num="235" count="0" type="stmt"/>
        <line num="236" count="0" type="cond" truecount="0" falsecount="2"/>
        <line num="237" count="0" type="stmt"/>
        <line num="239" count="0" type="stmt"/>
        <line num="241" count="0" type="stmt"/>
        <line num="245" count="0" type="stmt"/>
        <line num="246" count="0" type="stmt"/>
        <line num="250" count="0" type="cond" truecount="0" falsecount="4"/>
        <line num="251" count="0" type="stmt"/>
      </file>
      <file name="queue.plugin.ts" path="Z:\home\swoop\swoop-claude-projects\fresh-staged\backend\src\plugins\queue.plugin.ts">
        <metrics statements="33" coveredstatements="17" conditionals="9" coveredconditionals="3" methods="5" coveredmethods="2"/>
        <line num="42" count="18" type="stmt"/>
        <line num="47" count="64" type="stmt"/>
        <line num="50" count="64" type="stmt"/>
        <line num="54" count="64" type="stmt"/>
        <line num="55" count="64" type="stmt"/>
        <line num="56" count="64" type="cond" truecount="1" falsecount="1"/>
        <line num="57" count="0" type="stmt"/>
        <line num="59" count="64" type="stmt"/>
        <line num="63" count="64" type="stmt"/>
        <line num="66" count="64" type="stmt"/>
        <line num="70" count="64" type="cond" truecount="1" falsecount="1"/>
        <line num="71" count="0" type="stmt"/>
        <line num="74" count="0" type="stmt"/>
        <line num="75" count="0" type="stmt"/>
        <line num="79" count="64" type="stmt"/>
        <line num="80" count="64" type="stmt"/>
        <line num="82" count="64" type="cond" truecount="1" falsecount="1"/>
        <line num="83" count="64" type="stmt"/>
        <line num="86" count="64" type="stmt"/>
        <line num="89" count="64" type="stmt"/>
        <line num="92" count="64" type="stmt"/>
        <line num="115" count="0" type="stmt"/>
        <line num="117" count="0" type="cond" truecount="0" falsecount="2"/>
        <line num="118" count="0" type="stmt"/>
        <line num="119" count="0" type="stmt"/>
        <line num="123" count="0" type="stmt"/>
        <line num="124" count="0" type="stmt"/>
        <line num="126" count="0" type="stmt"/>
        <line num="127" count="0" type="stmt"/>
        <line num="133" count="0" type="stmt"/>
        <line num="135" count="0" type="stmt"/>
        <line num="138" count="0" type="stmt"/>
        <line num="143" count="0" type="stmt"/>
      </file>
      <file name="socket.plugin.ts" path="Z:\home\swoop\swoop-claude-projects\fresh-staged\backend\src\plugins\socket.plugin.ts">
        <metrics statements="49" coveredstatements="24" conditionals="8" coveredconditionals="3" methods="13" coveredmethods="5"/>
        <line num="36" count="17" type="stmt"/>
        <line num="41" count="63" type="cond" truecount="1" falsecount="1"/>
        <line num="53" count="63" type="stmt"/>
        <line num="62" count="63" type="stmt"/>
        <line num="65" count="63" type="stmt"/>
        <line num="68" count="63" type="stmt"/>
        <line num="69" count="63" type="stmt"/>
        <line num="70" count="63" type="stmt"/>
        <line num="73" count="63" type="stmt"/>
        <line num="75" count="63" type="stmt"/>
        <line num="78" count="63" type="stmt"/>
        <line num="81" count="63" type="stmt"/>
        <line num="82" count="0" type="stmt"/>
        <line num="92" count="0" type="stmt"/>
        <line num="95" count="0" type="stmt"/>
        <line num="101" count="0" type="stmt"/>
        <line num="102" count="0" type="stmt"/>
        <line num="106" count="0" type="stmt"/>
        <line num="107" count="0" type="stmt"/>
        <line num="108" count="0" type="cond" truecount="0" falsecount="2"/>
        <line num="112" count="0" type="stmt"/>
        <line num="113" count="0" type="stmt"/>
        <line num="114" count="0" type="stmt"/>
        <line num="122" count="0" type="stmt"/>
        <line num="123" count="0" type="stmt"/>
        <line num="124" count="0" type="stmt"/>
        <line num="132" count="0" type="stmt"/>
        <line num="133" count="0" type="stmt"/>
        <line num="134" count="0" type="stmt"/>
        <line num="135" count="0" type="stmt"/>
        <line num="143" count="0" type="stmt"/>
        <line num="144" count="0" type="stmt"/>
        <line num="145" count="0" type="stmt"/>
        <line num="146" count="0" type="stmt"/>
        <line num="154" count="0" type="stmt"/>
        <line num="156" count="0" type="stmt"/>
        <line num="158" count="0" type="stmt"/>
        <line num="169" count="63" type="stmt"/>
        <line num="170" count="63" type="stmt"/>
        <line num="171" count="63" type="stmt"/>
        <line num="174" count="63" type="cond" truecount="1" falsecount="1"/>
        <line num="175" count="63" type="stmt"/>
        <line num="179" count="63" type="cond" truecount="1" falsecount="1"/>
        <line num="180" count="63" type="stmt"/>
        <line num="183" count="63" type="stmt"/>
        <line num="184" count="63" type="stmt"/>
        <line num="185" count="63" type="stmt"/>
        <line num="186" count="63" type="stmt"/>
        <line num="191" count="63" type="stmt"/>
      </file>
    </package>
    <package name="src.routers">
      <metrics statements="990" coveredstatements="513" conditionals="643" coveredconditionals="250" methods="190" coveredmethods="74"/>
      <file name="admin.router.ts" path="Z:\home\swoop\swoop-claude-projects\fresh-staged\backend\src\routers\admin.router.ts">
        <metrics statements="47" coveredstatements="18" conditionals="62" coveredconditionals="8" methods="15" coveredmethods="2"/>
        <line num="29" count="19" type="stmt"/>
        <line num="50" count="19" type="stmt"/>
        <line num="70" count="4" type="stmt"/>
        <line num="72" count="4" type="cond" truecount="4" falsecount="0"/>
        <line num="73" count="2" type="stmt"/>
        <line num="81" count="2" type="stmt"/>
        <line num="82" count="2" type="stmt"/>
        <line num="84" count="2" type="stmt"/>
        <line num="85" count="3" type="stmt"/>
        <line num="87" count="3" type="stmt"/>
        <line num="95" count="2" type="stmt"/>
        <line num="106" count="1" type="stmt"/>
        <line num="113" count="2" type="stmt"/>
        <line num="134" count="3" type="stmt"/>
        <line num="136" count="3" type="cond" truecount="4" falsecount="0"/>
        <line num="137" count="2" type="stmt"/>
        <line num="146" count="1" type="stmt"/>
        <line num="148" count="1" type="stmt"/>
        <line num="175" count="0" type="stmt"/>
        <line num="190" count="0" type="stmt"/>
        <line num="218" count="0" type="stmt"/>
        <line num="233" count="0" type="stmt"/>
        <line num="263" count="0" type="stmt"/>
        <line num="277" count="0" type="stmt"/>
        <line num="279" count="0" type="stmt"/>
        <line num="284" count="0" type="stmt"/>
        <line num="291" count="0" type="stmt"/>
        <line num="300" count="0" type="stmt"/>
        <line num="323" count="0" type="stmt"/>
        <line num="347" count="0" type="stmt"/>
        <line num="352" count="0" type="stmt"/>
        <line num="354" count="0" type="stmt"/>
        <line num="382" count="0" type="stmt"/>
        <line num="384" count="0" type="stmt"/>
        <line num="410" count="0" type="stmt"/>
        <line num="442" count="0" type="stmt"/>
        <line num="444" count="0" type="cond" truecount="0" falsecount="2"/>
        <line num="448" count="0" type="cond" truecount="0" falsecount="2"/>
        <line num="449" count="0" type="stmt"/>
        <line num="452" count="0" type="stmt"/>
        <line num="459" count="0" type="stmt"/>
        <line num="477" count="0" type="stmt"/>
        <line num="507" count="0" type="cond" truecount="0" falsecount="2"/>
        <line num="509" count="0" type="stmt"/>
        <line num="525" count="0" type="stmt"/>
        <line num="526" count="0" type="cond" truecount="0" falsecount="2"/>
        <line num="528" count="0" type="stmt"/>
      </file>
      <file name="alert-history.router.ts" path="Z:\home\swoop\swoop-claude-projects\fresh-staged\backend\src\routers\alert-history.router.ts">
        <metrics statements="6" coveredstatements="3" conditionals="0" coveredconditionals="0" methods="2" coveredmethods="0"/>
        <line num="6" count="18" type="stmt"/>
        <line num="13" count="18" type="stmt"/>
        <line num="20" count="18" type="stmt"/>
        <line num="22" count="0" type="stmt"/>
        <line num="28" count="0" type="stmt"/>
        <line num="34" count="0" type="stmt"/>
      </file>
      <file name="alert-rules.router.ts" path="Z:\home\swoop\swoop-claude-projects\fresh-staged\backend\src\routers\alert-rules.router.ts">
        <metrics statements="18" coveredstatements="7" conditionals="0" coveredconditionals="0" methods="4" coveredmethods="0"/>
        <line num="7" count="18" type="stmt"/>
        <line num="14" count="18" type="stmt"/>
        <line num="31" count="18" type="stmt"/>
        <line num="33" count="18" type="stmt"/>
        <line num="37" count="18" type="stmt"/>
        <line num="39" count="18" type="stmt"/>
        <line num="44" count="18" type="stmt"/>
        <line num="46" count="0" type="stmt"/>
        <line num="55" count="0" type="stmt"/>
        <line num="56" count="0" type="stmt"/>
        <line num="62" count="0" type="stmt"/>
        <line num="75" count="0" type="stmt"/>
        <line num="79" count="0" type="stmt"/>
        <line num="85" count="0" type="stmt"/>
        <line num="90" count="0" type="stmt"/>
        <line num="91" count="0" type="stmt"/>
        <line num="97" count="0" type="stmt"/>
        <line num="98" count="0" type="stmt"/>
      </file>
      <file name="alerts.router.ts" path="Z:\home\swoop\swoop-claude-projects\fresh-staged\backend\src\routers\alerts.router.ts">
        <metrics statements="32" coveredstatements="28" conditionals="20" coveredconditionals="16" methods="5" coveredmethods="4"/>
        <line num="29" count="19" type="stmt"/>
        <line num="36" count="19" type="stmt"/>
        <line num="44" count="19" type="stmt"/>
        <line num="59" count="19" type="stmt"/>
        <line num="68" count="19" type="stmt"/>
        <line num="75" count="19" type="stmt"/>
        <line num="87" count="7" type="cond" truecount="2" falsecount="0"/>
        <line num="88" count="7" type="cond" truecount="2" falsecount="0"/>
        <line num="90" count="7" type="stmt"/>
        <line num="100" count="7" type="stmt"/>
        <line num="113" count="5" type="stmt"/>
        <line num="118" count="5" type="cond" truecount="2" falsecount="0"/>
        <line num="119" count="3" type="stmt"/>
        <line num="125" count="2" type="stmt"/>
        <line num="139" count="12" type="cond" truecount="2" falsecount="0"/>
        <line num="140" count="3" type="stmt"/>
        <line num="147" count="9" type="stmt"/>
        <line num="154" count="9" type="cond" truecount="2" falsecount="0"/>
        <line num="155" count="1" type="stmt"/>
        <line num="161" count="8" type="cond" truecount="2" falsecount="0"/>
        <line num="162" count="3" type="stmt"/>
        <line num="168" count="5" type="stmt"/>
        <line num="182" count="6" type="cond" truecount="2" falsecount="0"/>
        <line num="183" count="2" type="stmt"/>
        <line num="190" count="4" type="stmt"/>
        <line num="198" count="4" type="cond" truecount="2" falsecount="0"/>
        <line num="199" count="1" type="stmt"/>
        <line num="205" count="3" type="stmt"/>
        <line num="224" count="0" type="cond" truecount="0" falsecount="2"/>
        <line num="225" count="0" type="cond" truecount="0" falsecount="2"/>
        <line num="227" count="0" type="stmt"/>
        <line num="241" count="0" type="stmt"/>
      </file>
      <file name="areas.router.ts" path="Z:\home\swoop\swoop-claude-projects\fresh-staged\backend\src\routers\areas.router.ts">
        <metrics statements="40" coveredstatements="28" conditionals="22" coveredconditionals="14" methods="8" coveredmethods="5"/>
        <line num="32" count="19" type="stmt"/>
        <line num="40" count="19" type="stmt"/>
        <line num="49" count="19" type="stmt"/>
        <line num="58" count="19" type="stmt"/>
        <line num="65" count="19" type="stmt"/>
        <line num="76" count="4" type="stmt"/>
        <line num="80" count="4" type="stmt"/>
        <line num="90" count="0" type="stmt"/>
        <line num="106" count="5" type="stmt"/>
        <line num="112" count="5" type="cond" truecount="2" falsecount="0"/>
        <line num="113" count="3" type="stmt"/>
        <line num="119" count="2" type="stmt"/>
        <line num="133" count="9" type="cond" truecount="2" falsecount="0"/>
        <line num="134" count="4" type="stmt"/>
        <line num="140" count="5" type="stmt"/>
        <line num="147" count="5" type="cond" truecount="2" falsecount="0"/>
        <line num="148" count="2" type="stmt"/>
        <line num="154" count="3" type="stmt"/>
        <line num="168" count="6" type="cond" truecount="2" falsecount="0"/>
        <line num="169" count="2" type="stmt"/>
        <line num="175" count="4" type="stmt"/>
        <line num="182" count="4" type="cond" truecount="2" falsecount="0"/>
        <line num="183" count="1" type="stmt"/>
        <line num="189" count="3" type="stmt"/>
        <line num="203" count="6" type="cond" truecount="2" falsecount="0"/>
        <line num="204" count="2" type="stmt"/>
        <line num="210" count="4" type="stmt"/>
        <line num="216" count="4" type="cond" truecount="2" falsecount="0"/>
        <line num="217" count="1" type="stmt"/>
        <line num="235" count="0" type="cond" truecount="0" falsecount="2"/>
        <line num="236" count="0" type="stmt"/>
        <line num="242" count="0" type="stmt"/>
        <line num="248" count="0" type="cond" truecount="0" falsecount="2"/>
        <line num="249" count="0" type="stmt"/>
        <line num="255" count="0" type="stmt"/>
        <line num="269" count="0" type="cond" truecount="0" falsecount="2"/>
        <line num="270" count="0" type="stmt"/>
        <line num="276" count="0" type="stmt"/>
        <line num="282" count="0" type="cond" truecount="0" falsecount="2"/>
        <line num="283" count="0" type="stmt"/>
      </file>
      <file name="assets.router.ts" path="Z:\home\swoop\swoop-claude-projects\fresh-staged\backend\src\routers\assets.router.ts">
        <metrics statements="36" coveredstatements="33" conditionals="18" coveredconditionals="12" methods="3" coveredmethods="3"/>
        <line num="31" count="19" type="stmt"/>
        <line num="36" count="19" type="stmt"/>
        <line num="47" count="19" type="stmt"/>
        <line num="54" count="19" type="stmt"/>
        <line num="66" count="10" type="stmt"/>
        <line num="67" count="10" type="stmt"/>
        <line num="68" count="10" type="stmt"/>
        <line num="69" count="10" type="cond" truecount="1" falsecount="1"/>
        <line num="71" count="10" type="cond" truecount="2" falsecount="0"/>
        <line num="72" count="2" type="stmt"/>
        <line num="74" count="8" type="cond" truecount="1" falsecount="1"/>
        <line num="75" count="0" type="stmt"/>
        <line num="77" count="8" type="cond" truecount="1" falsecount="1"/>
        <line num="78" count="0" type="stmt"/>
        <line num="81" count="8" type="stmt"/>
        <line num="99" count="8" type="cond" truecount="1" falsecount="1"/>
        <line num="100" count="8" type="stmt"/>
        <line num="101" count="8" type="stmt"/>
        <line num="102" count="8" type="cond" truecount="2" falsecount="0"/>
        <line num="105" count="8" type="stmt"/>
        <line num="114" count="19" type="stmt"/>
        <line num="129" count="12" type="stmt"/>
        <line num="133" count="12" type="stmt"/>
        <line num="134" count="12" type="cond" truecount="2" falsecount="0"/>
        <line num="135" count="2" type="stmt"/>
        <line num="141" count="10" type="stmt"/>
        <line num="142" count="10" type="stmt"/>
        <line num="143" count="10" type="stmt"/>
        <line num="146" count="10" type="stmt"/>
        <line num="157" count="10" type="stmt"/>
        <line num="163" count="10" type="stmt"/>
        <line num="168" count="8" type="stmt"/>
        <line num="170" count="8" type="stmt"/>
        <line num="176" count="2" type="cond" truecount="1" falsecount="1"/>
        <line num="177" count="2" type="stmt"/>
        <line num="182" count="0" type="stmt"/>
      </file>
      <file name="audit.ts" path="Z:\home\swoop\swoop-claude-projects\fresh-staged\backend\src\routers\audit.ts">
        <metrics statements="7" coveredstatements="2" conditionals="4" coveredconditionals="0" methods="2" coveredmethods="0"/>
        <line num="10" count="18" type="stmt"/>
        <line num="26" count="18" type="stmt"/>
        <line num="30" count="0" type="stmt"/>
        <line num="36" count="0" type="stmt"/>
        <line num="53" count="0" type="cond" truecount="0" falsecount="2"/>
        <line num="54" count="0" type="cond" truecount="0" falsecount="2"/>
        <line num="56" count="0" type="stmt"/>
      </file>
      <file name="availability.router.ts" path="Z:\home\swoop\swoop-claude-projects\fresh-staged\backend\src\routers\availability.router.ts">
        <metrics statements="8" coveredstatements="8" conditionals="4" coveredconditionals="4" methods="2" coveredmethods="2"/>
        <line num="22" count="19" type="stmt"/>
        <line num="26" count="19" type="stmt"/>
        <line num="36" count="19" type="stmt"/>
        <line num="48" count="19" type="stmt"/>
        <line num="63" count="4" type="stmt"/>
        <line num="64" count="4" type="stmt"/>
        <line num="86" count="6" type="stmt"/>
        <line num="87" count="6" type="stmt"/>
      </file>
      <file name="dashboard-layout.router.ts" path="Z:\home\swoop\swoop-claude-projects\fresh-staged\backend\src\routers\dashboard-layout.router.ts">
        <metrics statements="41" coveredstatements="7" conditionals="20" coveredconditionals="0" methods="6" coveredmethods="0"/>
        <line num="24" count="18" type="stmt"/>
        <line num="26" count="18" type="stmt"/>
        <line num="43" count="18" type="stmt"/>
        <line num="54" count="18" type="stmt"/>
        <line num="62" count="18" type="stmt"/>
        <line num="66" count="18" type="stmt"/>
        <line num="71" count="18" type="stmt"/>
        <line num="84" count="0" type="stmt"/>
        <line num="86" count="0" type="stmt"/>
        <line num="98" count="0" type="stmt"/>
        <line num="115" count="0" type="stmt"/>
        <line num="118" count="0" type="stmt"/>
        <line num="129" count="0" type="cond" truecount="0" falsecount="2"/>
        <line num="130" count="0" type="stmt"/>
        <line num="136" count="0" type="stmt"/>
        <line num="153" count="0" type="cond" truecount="0" falsecount="2"/>
        <line num="154" count="0" type="stmt"/>
        <line num="160" count="0" type="stmt"/>
        <line num="177" count="0" type="stmt"/>
        <line num="180" count="0" type="stmt"/>
        <line num="184" count="0" type="cond" truecount="0" falsecount="2"/>
        <line num="185" count="0" type="cond" truecount="0" falsecount="2"/>
        <line num="186" count="0" type="cond" truecount="0" falsecount="2"/>
        <line num="187" count="0" type="stmt"/>
        <line num="188" count="0" type="cond" truecount="0" falsecount="2"/>
        <line num="189" count="0" type="stmt"/>
        <line num="191" count="0" type="stmt"/>
        <line num="202" count="0" type="cond" truecount="0" falsecount="2"/>
        <line num="203" count="0" type="stmt"/>
        <line num="209" count="0" type="stmt"/>
        <line num="226" count="0" type="stmt"/>
        <line num="228" count="0" type="stmt"/>
        <line num="237" count="0" type="stmt"/>
        <line num="247" count="0" type="stmt"/>
        <line num="251" count="0" type="stmt"/>
        <line num="261" count="0" type="cond" truecount="0" falsecount="2"/>
        <line num="262" count="0" type="stmt"/>
        <line num="268" count="0" type="stmt"/>
        <line num="271" count="0" type="stmt"/>
        <line num="286" count="0" type="stmt"/>
        <line num="291" count="0" type="stmt"/>
      </file>
      <file name="escalation-contacts.router.ts" path="Z:\home\swoop\swoop-claude-projects\fresh-staged\backend\src\routers\escalation-contacts.router.ts">
        <metrics statements="24" coveredstatements="24" conditionals="6" coveredconditionals="6" methods="5" coveredmethods="5"/>
        <line num="31" count="19" type="stmt"/>
        <line num="38" count="19" type="stmt"/>
        <line num="46" count="19" type="stmt"/>
        <line num="54" count="19" type="stmt"/>
        <line num="69" count="18" type="cond" truecount="2" falsecount="0"/>
        <line num="70" count="6" type="stmt"/>
        <line num="81" count="19" type="stmt"/>
        <line num="93" count="4" type="stmt"/>
        <line num="96" count="4" type="stmt"/>
        <line num="109" count="6" type="stmt"/>
        <line num="111" count="6" type="stmt"/>
        <line num="116" count="3" type="stmt"/>
        <line num="130" count="5" type="stmt"/>
        <line num="133" count="5" type="stmt"/>
        <line num="138" count="4" type="cond" truecount="2" falsecount="0"/>
        <line num="139" count="2" type="stmt"/>
        <line num="145" count="2" type="stmt"/>
        <line num="151" count="2" type="stmt"/>
        <line num="165" count="7" type="stmt"/>
        <line num="168" count="7" type="stmt"/>
        <line num="173" count="5" type="cond" truecount="2" falsecount="0"/>
        <line num="174" count="2" type="stmt"/>
        <line num="180" count="3" type="stmt"/>
        <line num="185" count="3" type="stmt"/>
      </file>
      <file name="health.router.ts" path="Z:\home\swoop\swoop-claude-projects\fresh-staged\backend\src\routers\health.router.ts">
        <metrics statements="15" coveredstatements="8" conditionals="6" coveredconditionals="0" methods="2" coveredmethods="1"/>
        <line num="6" count="18" type="stmt"/>
        <line num="13" count="18" type="stmt"/>
        <line num="21" count="18" type="stmt"/>
        <line num="34" count="18" type="stmt"/>
        <line num="47" count="18" type="stmt"/>
        <line num="52" count="7" type="stmt"/>
        <line num="53" count="7" type="stmt"/>
        <line num="54" count="0" type="stmt"/>
        <line num="77" count="7" type="stmt"/>
        <line num="106" count="0" type="stmt"/>
        <line num="108" count="0" type="stmt"/>
        <line num="109" count="0" type="stmt"/>
        <line num="111" count="0" type="stmt"/>
        <line num="114" count="0" type="stmt"/>
        <line num="147" count="0" type="stmt"/>
      </file>
      <file name="inspector.router.ts" path="Z:\home\swoop\swoop-claude-projects\fresh-staged\backend\src\routers\inspector.router.ts">
        <metrics statements="47" coveredstatements="5" conditionals="41" coveredconditionals="0" methods="13" coveredmethods="0"/>
        <line num="30" count="18" type="stmt"/>
        <line num="37" count="18" type="stmt"/>
        <line num="45" count="18" type="stmt"/>
        <line num="53" count="18" type="stmt"/>
        <line num="60" count="18" type="stmt"/>
        <line num="69" count="0" type="stmt"/>
        <line num="80" count="0" type="stmt"/>
        <line num="87" count="0" type="cond" truecount="0" falsecount="2"/>
        <line num="88" count="0" type="stmt"/>
        <line num="94" count="0" type="cond" truecount="0" falsecount="2"/>
        <line num="95" count="0" type="stmt"/>
        <line num="101" count="0" type="cond" truecount="0" falsecount="2"/>
        <line num="102" count="0" type="stmt"/>
        <line num="109" count="0" type="stmt"/>
        <line num="115" count="0" type="stmt"/>
        <line num="130" count="0" type="stmt"/>
        <line num="132" count="0" type="cond" truecount="0" falsecount="2"/>
        <line num="133" count="0" type="stmt"/>
        <line num="139" count="0" type="stmt"/>
        <line num="152" count="0" type="stmt"/>
        <line num="161" count="0" type="cond" truecount="0" falsecount="2"/>
        <line num="162" count="0" type="stmt"/>
        <line num="169" count="0" type="stmt"/>
        <line num="183" count="0" type="stmt"/>
        <line num="186" count="0" type="cond" truecount="0" falsecount="4"/>
        <line num="187" count="0" type="stmt"/>
        <line num="190" count="0" type="stmt"/>
        <line num="204" count="0" type="stmt"/>
        <line num="226" count="0" type="stmt"/>
        <line num="244" count="0" type="cond" truecount="0" falsecount="2"/>
        <line num="245" count="0" type="stmt"/>
        <line num="253" count="0" type="stmt"/>
        <line num="254" count="0" type="stmt"/>
        <line num="257" count="0" type="stmt"/>
        <line num="275" count="0" type="stmt"/>
        <line num="298" count="0" type="stmt"/>
        <line num="324" count="0" type="stmt"/>
        <line num="347" count="0" type="stmt"/>
        <line num="366" count="0" type="stmt"/>
        <line num="367" count="0" type="stmt"/>
        <line num="373" count="0" type="stmt"/>
        <line num="381" count="0" type="stmt"/>
        <line num="392" count="0" type="stmt"/>
        <line num="402" count="0" type="stmt"/>
        <line num="403" count="0" type="cond" truecount="0" falsecount="3"/>
        <line num="408" count="0" type="stmt"/>
        <line num="409" count="0" type="stmt"/>
      </file>
      <file name="notification-policies.router.ts" path="Z:\home\swoop\swoop-claude-projects\fresh-staged\backend\src\routers\notification-policies.router.ts">
        <metrics statements="57" coveredstatements="32" conditionals="19" coveredconditionals="7" methods="10" coveredmethods="7"/>
        <line num="32" count="19" type="stmt"/>
        <line num="42" count="19" type="stmt"/>
        <line num="47" count="19" type="stmt"/>
        <line num="52" count="19" type="stmt"/>
        <line num="62" count="19" type="stmt"/>
        <line num="90" count="19" type="stmt"/>
        <line num="115" count="19" type="stmt"/>
        <line num="136" count="19" type="stmt"/>
        <line num="142" count="16" type="cond" truecount="3" falsecount="0"/>
        <line num="150" count="19" type="stmt"/>
        <line num="154" count="19" type="stmt"/>
        <line num="159" count="19" type="stmt"/>
        <line num="164" count="19" type="stmt"/>
        <line num="170" count="19" type="stmt"/>
        <line num="177" count="19" type="stmt"/>
        <line num="187" count="19" type="stmt"/>
        <line num="212" count="0" type="stmt"/>
        <line num="214" count="0" type="cond" truecount="0" falsecount="2"/>
        <line num="215" count="0" type="stmt"/>
        <line num="221" count="0" type="stmt"/>
        <line num="222" count="0" type="stmt"/>
        <line num="227" count="0" type="stmt"/>
        <line num="233" count="0" type="stmt"/>
        <line num="234" count="0" type="stmt"/>
        <line num="248" count="2" type="stmt"/>
        <line num="253" count="2" type="stmt"/>
        <line num="264" count="1" type="stmt"/>
        <line num="269" count="1" type="stmt"/>
        <line num="280" count="1" type="stmt"/>
        <line num="285" count="1" type="stmt"/>
        <line num="300" count="3" type="stmt"/>
        <line num="304" count="3" type="stmt"/>
        <line num="319" count="8" type="cond" truecount="2" falsecount="0"/>
        <line num="320" count="4" type="stmt"/>
        <line num="326" count="4" type="stmt"/>
        <line num="332" count="4" type="stmt"/>
        <line num="347" count="8" type="cond" truecount="2" falsecount="0"/>
        <line num="348" count="3" type="stmt"/>
        <line num="354" count="5" type="stmt"/>
        <line num="359" count="5" type="stmt"/>
        <line num="384" count="0" type="stmt"/>
        <line num="388" count="0" type="cond" truecount="0" falsecount="2"/>
        <line num="391" count="0" type="stmt"/>
        <line num="392" count="0" type="cond" truecount="0" falsecount="2"/>
        <line num="393" count="0" type="stmt"/>
        <line num="394" count="0" type="stmt"/>
        <line num="396" count="0" type="stmt"/>
        <line num="400" count="0" type="stmt"/>
        <line num="450" count="0" type="cond" truecount="0" falsecount="2"/>
        <line num="451" count="0" type="stmt"/>
        <line num="457" count="0" type="stmt"/>
        <line num="461" count="0" type="stmt"/>
        <line num="472" count="0" type="cond" truecount="0" falsecount="2"/>
        <line num="474" count="0" type="stmt"/>
        <line num="479" count="0" type="stmt"/>
        <line num="482" count="0" type="stmt"/>
        <line num="489" count="0" type="stmt"/>
      </file>
      <file name="onboarding.router.ts" path="Z:\home\swoop\swoop-claude-projects\fresh-staged\backend\src\routers\onboarding.router.ts">
        <metrics statements="57" coveredstatements="2" conditionals="42" coveredconditionals="0" methods="7" coveredmethods="0"/>
        <line num="28" count="18" type="stmt"/>
        <line num="37" count="18" type="stmt"/>
        <line num="45" count="0" type="stmt"/>
        <line num="51" count="0" type="cond" truecount="0" falsecount="2"/>
        <line num="52" count="0" type="stmt"/>
        <line num="58" count="0" type="stmt"/>
        <line num="76" count="0" type="stmt"/>
        <line num="82" count="0" type="cond" truecount="0" falsecount="2"/>
        <line num="83" count="0" type="stmt"/>
        <line num="91" count="0" type="stmt"/>
        <line num="97" count="0" type="cond" truecount="0" falsecount="2"/>
        <line num="99" count="0" type="stmt"/>
        <line num="105" count="0" type="stmt"/>
        <line num="114" count="0" type="stmt"/>
        <line num="115" count="0" type="stmt"/>
        <line num="117" count="0" type="stmt"/>
        <line num="126" count="0" type="cond" truecount="0" falsecount="2"/>
        <line num="127" count="0" type="stmt"/>
        <line num="131" count="0" type="stmt"/>
        <line num="132" count="0" type="stmt"/>
        <line num="141" count="0" type="stmt"/>
        <line num="148" count="0" type="stmt"/>
        <line num="154" count="0" type="cond" truecount="0" falsecount="2"/>
        <line num="156" count="0" type="stmt"/>
        <line num="162" count="0" type="stmt"/>
        <line num="170" count="0" type="stmt"/>
        <line num="173" count="0" type="stmt"/>
        <line num="179" count="0" type="stmt"/>
        <line num="180" count="0" type="stmt"/>
        <line num="202" count="0" type="stmt"/>
        <line num="215" count="0" type="cond" truecount="0" falsecount="2"/>
        <line num="216" count="0" type="stmt"/>
        <line num="222" count="0" type="stmt"/>
        <line num="237" count="0" type="stmt"/>
        <line num="243" count="0" type="cond" truecount="0" falsecount="2"/>
        <line num="244" count="0" type="stmt"/>
        <line num="250" count="0" type="stmt"/>
        <line num="259" count="0" type="cond" truecount="0" falsecount="2"/>
        <line num="260" count="0" type="stmt"/>
        <line num="266" count="0" type="stmt"/>
        <line num="281" count="0" type="stmt"/>
        <line num="291" count="0" type="cond" truecount="0" falsecount="2"/>
        <line num="292" count="0" type="stmt"/>
        <line num="299" count="0" type="stmt"/>
        <line num="308" count="0" type="cond" truecount="0" falsecount="2"/>
        <line num="310" count="0" type="stmt"/>
        <line num="321" count="0" type="cond" truecount="0" falsecount="2"/>
        <line num="322" count="0" type="stmt"/>
        <line num="328" count="0" type="stmt"/>
        <line num="343" count="0" type="stmt"/>
        <line num="349" count="0" type="cond" truecount="0" falsecount="2"/>
        <line num="350" count="0" type="stmt"/>
        <line num="357" count="0" type="stmt"/>
        <line num="359" count="0" type="stmt"/>
        <line num="370" count="0" type="cond" truecount="0" falsecount="2"/>
        <line num="371" count="0" type="stmt"/>
        <line num="377" count="0" type="stmt"/>
      </file>
      <file name="organizations.router.ts" path="Z:\home\swoop\swoop-claude-projects\fresh-staged\backend\src\routers\organizations.router.ts">
        <metrics statements="30" coveredstatements="20" conditionals="20" coveredconditionals="8" methods="8" coveredmethods="4"/>
        <line num="33" count="19" type="stmt"/>
        <line num="40" count="19" type="stmt"/>
        <line num="45" count="19" type="stmt"/>
        <line num="57" count="3" type="stmt"/>
        <line num="59" count="3" type="cond" truecount="2" falsecount="0"/>
        <line num="60" count="2" type="stmt"/>
        <line num="66" count="1" type="stmt"/>
        <line num="80" count="5" type="cond" truecount="2" falsecount="0"/>
        <line num="81" count="2" type="stmt"/>
        <line num="87" count="3" type="stmt"/>
        <line num="92" count="3" type="cond" truecount="2" falsecount="0"/>
        <line num="93" count="2" type="stmt"/>
        <line num="99" count="1" type="stmt"/>
        <line num="112" count="2" type="stmt"/>
        <line num="113" count="2" type="stmt"/>
        <line num="133" count="0" type="cond" truecount="0" falsecount="2"/>
        <line num="134" count="0" type="stmt"/>
        <line num="140" count="0" type="stmt"/>
        <line num="150" count="0" type="stmt"/>
        <line num="169" count="0" type="cond" truecount="0" falsecount="2"/>
        <line num="170" count="0" type="stmt"/>
        <line num="176" count="0" type="stmt"/>
        <line num="185" count="0" type="stmt"/>
        <line num="202" count="3" type="stmt"/>
        <line num="204" count="3" type="cond" truecount="2" falsecount="0"/>
        <line num="205" count="2" type="stmt"/>
        <line num="211" count="1" type="stmt"/>
        <line num="214" count="1" type="stmt"/>
        <line num="249" count="0" type="stmt"/>
        <line num="268" count="0" type="stmt"/>
      </file>
      <file name="payments.router.ts" path="Z:\home\swoop\swoop-claude-projects\fresh-staged\backend\src\routers\payments.router.ts">
        <metrics statements="18" coveredstatements="18" conditionals="10" coveredconditionals="10" methods="3" coveredmethods="3"/>
        <line num="29" count="19" type="stmt"/>
        <line num="36" count="19" type="stmt"/>
        <line num="44" count="19" type="stmt"/>
        <line num="49" count="19" type="stmt"/>
        <line num="61" count="4" type="stmt"/>
        <line num="65" count="4" type="stmt"/>
        <line num="79" count="6" type="stmt"/>
        <line num="80" count="6" type="stmt"/>
        <line num="86" count="2" type="stmt"/>
        <line num="88" count="4" type="cond" truecount="2" falsecount="0"/>
        <line num="92" count="3" type="stmt"/>
        <line num="97" count="1" type="stmt"/>
        <line num="112" count="7" type="stmt"/>
        <line num="113" count="7" type="stmt"/>
        <line num="118" count="2" type="stmt"/>
        <line num="120" count="5" type="cond" truecount="2" falsecount="0"/>
        <line num="124" count="4" type="stmt"/>
        <line num="129" count="1" type="stmt"/>
      </file>
      <file name="pilot-feedback.router.ts" path="Z:\home\swoop\swoop-claude-projects\fresh-staged\backend\src\routers\pilot-feedback.router.ts">
        <metrics statements="4" coveredstatements="2" conditionals="0" coveredconditionals="0" methods="2" coveredmethods="0"/>
        <line num="6" count="18" type="stmt"/>
        <line num="16" count="18" type="stmt"/>
        <line num="23" count="0" type="stmt"/>
        <line num="39" count="0" type="stmt"/>
      </file>
      <file name="preferences.router.ts" path="Z:\home\swoop\swoop-claude-projects\fresh-staged\backend\src\routers\preferences.router.ts">
        <metrics statements="34" coveredstatements="32" conditionals="22" coveredconditionals="19" methods="4" coveredmethods="3"/>
        <line num="29" count="19" type="stmt"/>
        <line num="42" count="19" type="stmt"/>
        <line num="56" count="19" type="stmt"/>
        <line num="61" count="19" type="stmt"/>
        <line num="71" count="4" type="stmt"/>
        <line num="73" count="4" type="stmt"/>
        <line num="86" count="4" type="cond" truecount="2" falsecount="0"/>
        <line num="87" count="2" type="stmt"/>
        <line num="94" count="2" type="stmt"/>
        <line num="113" count="5" type="stmt"/>
        <line num="116" count="5" type="stmt"/>
        <line num="122" count="5" type="cond" truecount="2" falsecount="0"/>
        <line num="123" count="1" type="stmt"/>
        <line num="136" count="4" type="stmt"/>
        <line num="138" count="4" type="cond" truecount="2" falsecount="0"/>
        <line num="139" count="2" type="stmt"/>
        <line num="140" count="4" type="cond" truecount="2" falsecount="0"/>
        <line num="141" count="1" type="stmt"/>
        <line num="142" count="4" type="cond" truecount="1" falsecount="1"/>
        <line num="143" count="0" type="stmt"/>
        <line num="144" count="4" type="cond" truecount="2" falsecount="0"/>
        <line num="145" count="1" type="cond" truecount="1" falsecount="1"/>
        <line num="149" count="4" type="cond" truecount="2" falsecount="0"/>
        <line num="152" count="4" type="stmt"/>
        <line num="166" count="4" type="stmt"/>
        <line num="172" count="0" type="stmt"/>
        <line num="176" count="4" type="stmt"/>
        <line num="194" count="4" type="stmt"/>
        <line num="196" count="4" type="stmt"/>
        <line num="202" count="4" type="cond" truecount="2" falsecount="0"/>
        <line num="203" count="1" type="stmt"/>
        <line num="210" count="3" type="stmt"/>
        <line num="216" count="3" type="stmt"/>
        <line num="218" count="3" type="stmt"/>
      </file>
      <file name="readings.router.ts" path="Z:\home\swoop\swoop-claude-projects\fresh-staged\backend\src\routers\readings.router.ts">
        <metrics statements="49" coveredstatements="15" conditionals="36" coveredconditionals="8" methods="9" coveredmethods="2"/>
        <line num="29" count="19" type="stmt"/>
        <line num="41" count="19" type="stmt"/>
        <line num="46" count="19" type="stmt"/>
        <line num="57" count="8" type="stmt"/>
        <line num="59" count="8" type="cond" truecount="2" falsecount="0"/>
        <line num="60" count="8" type="cond" truecount="2" falsecount="0"/>
        <line num="62" count="8" type="stmt"/>
        <line num="71" count="5" type="stmt"/>
        <line num="73" count="3" type="cond" truecount="1" falsecount="1"/>
        <line num="74" count="3" type="stmt"/>
        <line num="79" count="0" type="stmt"/>
        <line num="93" count="6" type="stmt"/>
        <line num="94" count="6" type="stmt"/>
        <line num="101" count="4" type="cond" truecount="2" falsecount="0"/>
        <line num="103" count="2" type="cond" truecount="1" falsecount="1"/>
        <line num="104" count="2" type="stmt"/>
        <line num="109" count="0" type="stmt"/>
        <line num="126" count="0" type="stmt"/>
        <line num="128" count="0" type="cond" truecount="0" falsecount="2"/>
        <line num="129" count="0" type="stmt"/>
        <line num="135" count="0" type="stmt"/>
        <line num="157" count="0" type="cond" truecount="0" falsecount="2"/>
        <line num="158" count="0" type="cond" truecount="0" falsecount="2"/>
        <line num="160" count="0" type="stmt"/>
        <line num="161" count="0" type="stmt"/>
        <line num="170" count="0" type="cond" truecount="0" falsecount="2"/>
        <line num="171" count="0" type="stmt"/>
        <line num="176" count="0" type="stmt"/>
        <line num="190" count="0" type="stmt"/>
        <line num="209" count="0" type="cond" truecount="0" falsecount="2"/>
        <line num="210" count="0" type="cond" truecount="0" falsecount="2"/>
        <line num="212" count="0" type="stmt"/>
        <line num="234" count="0" type="stmt"/>
        <line num="249" count="0" type="stmt"/>
        <line num="263" count="0" type="stmt"/>
        <line num="277" count="0" type="cond" truecount="0" falsecount="2"/>
        <line num="278" count="0" type="stmt"/>
        <line num="284" count="0" type="stmt"/>
        <line num="293" count="0" type="stmt"/>
        <line num="311" count="0" type="stmt"/>
        <line num="313" count="0" type="cond" truecount="0" falsecount="2"/>
        <line num="314" count="0" type="stmt"/>
        <line num="320" count="0" type="stmt"/>
        <line num="323" count="0" type="stmt"/>
        <line num="335" count="0" type="cond" truecount="0" falsecount="4"/>
        <line num="336" count="0" type="stmt"/>
        <line num="349" count="0" type="cond" truecount="0" falsecount="2"/>
        <line num="350" count="0" type="stmt"/>
        <line num="366" count="0" type="stmt"/>
      </file>
      <file name="reports.router.ts" path="Z:\home\swoop\swoop-claude-projects\fresh-staged\backend\src\routers\reports.router.ts">
        <metrics statements="43" coveredstatements="3" conditionals="26" coveredconditionals="0" methods="12" coveredmethods="0"/>
        <line num="25" count="18" type="stmt"/>
        <line num="38" count="18" type="stmt"/>
        <line num="53" count="0" type="cond" truecount="0" falsecount="2"/>
        <line num="54" count="0" type="stmt"/>
        <line num="58" count="0" type="cond" truecount="0" falsecount="2"/>
        <line num="59" count="0" type="stmt"/>
        <line num="65" count="0" type="stmt"/>
        <line num="69" count="0" type="stmt"/>
        <line num="78" count="0" type="stmt"/>
        <line num="92" count="0" type="stmt"/>
        <line num="93" count="0" type="stmt"/>
        <line num="95" count="0" type="cond" truecount="0" falsecount="2"/>
        <line num="97" count="0" type="stmt"/>
        <line num="114" count="0" type="stmt"/>
        <line num="115" count="0" type="stmt"/>
        <line num="118" count="0" type="cond" truecount="0" falsecount="2"/>
        <line num="122" count="0" type="stmt"/>
        <line num="143" count="18" type="stmt"/>
        <line num="155" count="0" type="stmt"/>
        <line num="158" count="0" type="cond" truecount="0" falsecount="2"/>
        <line num="159" count="0" type="cond" truecount="0" falsecount="2"/>
        <line num="161" count="0" type="stmt"/>
        <line num="163" count="0" type="stmt"/>
        <line num="170" count="0" type="cond" truecount="0" falsecount="2"/>
        <line num="172" count="0" type="cond" truecount="0" falsecount="2"/>
        <line num="175" count="0" type="stmt"/>
        <line num="179" count="0" type="stmt"/>
        <line num="180" count="0" type="stmt"/>
        <line num="182" count="0" type="stmt"/>
        <line num="191" count="0" type="cond" truecount="0" falsecount="2"/>
        <line num="193" count="0" type="stmt"/>
        <line num="211" count="0" type="stmt"/>
        <line num="217" count="0" type="cond" truecount="0" falsecount="2"/>
        <line num="219" count="0" type="stmt"/>
        <line num="241" count="0" type="stmt"/>
        <line num="243" count="0" type="stmt"/>
        <line num="244" count="0" type="cond" truecount="0" falsecount="2"/>
        <line num="246" count="0" type="stmt"/>
        <line num="254" count="0" type="stmt"/>
        <line num="272" count="0" type="stmt"/>
        <line num="282" count="0" type="cond" truecount="0" falsecount="2"/>
        <line num="286" count="0" type="stmt"/>
        <line num="288" count="0" type="stmt"/>
      </file>
      <file name="sites.router.ts" path="Z:\home\swoop\swoop-claude-projects\fresh-staged\backend\src\routers\sites.router.ts">
        <metrics statements="38" coveredstatements="27" conditionals="20" coveredconditionals="12" methods="7" coveredmethods="5"/>
        <line num="31" count="19" type="stmt"/>
        <line num="38" count="19" type="stmt"/>
        <line num="46" count="19" type="stmt"/>
        <line num="54" count="19" type="stmt"/>
        <line num="60" count="19" type="stmt"/>
        <line num="71" count="3" type="stmt"/>
        <line num="74" count="3" type="stmt"/>
        <line num="87" count="5" type="stmt"/>
        <line num="92" count="5" type="cond" truecount="2" falsecount="0"/>
        <line num="93" count="3" type="stmt"/>
        <line num="99" count="2" type="stmt"/>
        <line num="113" count="7" type="cond" truecount="2" falsecount="0"/>
        <line num="114" count="4" type="stmt"/>
        <line num="120" count="3" type="stmt"/>
        <line num="124" count="3" type="stmt"/>
        <line num="138" count="4" type="cond" truecount="2" falsecount="0"/>
        <line num="139" count="2" type="stmt"/>
        <line num="145" count="2" type="stmt"/>
        <line num="151" count="2" type="cond" truecount="2" falsecount="0"/>
        <line num="152" count="1" type="stmt"/>
        <line num="159" count="1" type="stmt"/>
        <line num="170" count="1" type="stmt"/>
        <line num="184" count="6" type="cond" truecount="2" falsecount="0"/>
        <line num="185" count="2" type="stmt"/>
        <line num="191" count="4" type="stmt"/>
        <line num="196" count="4" type="cond" truecount="2" falsecount="0"/>
        <line num="197" count="1" type="stmt"/>
        <line num="215" count="0" type="cond" truecount="0" falsecount="2"/>
        <line num="216" count="0" type="stmt"/>
        <line num="222" count="0" type="stmt"/>
        <line num="227" count="0" type="cond" truecount="0" falsecount="2"/>
        <line num="228" count="0" type="stmt"/>
        <line num="234" count="0" type="stmt"/>
        <line num="248" count="0" type="cond" truecount="0" falsecount="2"/>
        <line num="249" count="0" type="stmt"/>
[...]
        <line num="349" count="0" type="stmt"/>
        <line num="353" count="0" type="stmt"/>
        <line num="358" count="0" type="stmt"/>
        <line num="383" count="0" type="stmt"/>
        <line num="385" count="0" type="stmt"/>
        <line num="405" count="0" type="stmt"/>
        <line num="406" count="0" type="stmt"/>
        <line num="407" count="0" type="stmt"/>
        <line num="409" count="0" type="cond" truecount="0" falsecount="2"/>
        <line num="410" count="0" type="stmt"/>
        <line num="417" count="0" type="stmt"/>
        <line num="421" count="0" type="cond" truecount="0" falsecount="2"/>
        <line num="422" count="0" type="stmt"/>
        <line num="428" count="0" type="cond" truecount="0" falsecount="2"/>
        <line num="429" count="0" type="stmt"/>
        <line num="430" count="0" type="stmt"/>
        <line num="431" count="0" type="stmt"/>
        <line num="434" count="0" type="cond" truecount="0" falsecount="2"/>
        <line num="435" count="0" type="stmt"/>
        <line num="437" count="0" type="stmt"/>
        <line num="438" count="0" type="stmt"/>
        <line num="440" count="0" type="stmt"/>
        <line num="448" count="0" type="cond" truecount="0" falsecount="2"/>
        <line num="449" count="0" type="stmt"/>
        <line num="450" count="0" type="cond" truecount="0" falsecount="2"/>
        <line num="451" count="0" type="stmt"/>
        <line num="454" count="0" type="stmt"/>
        <line num="455" count="0" type="stmt"/>
        <line num="456" count="0" type="cond" truecount="0" falsecount="2"/>
        <line num="457" count="0" type="stmt"/>
        <line num="458" count="0" type="stmt"/>
        <line num="459" count="0" type="stmt"/>
        <line num="467" count="0" type="cond" truecount="0" falsecount="4"/>
        <line num="468" count="0" type="stmt"/>
        <line num="469" count="0" type="stmt"/>
        <line num="472" count="0" type="stmt"/>
        <line num="477" count="0" type="stmt"/>
        <line num="480" count="0" type="stmt"/>
        <line num="485" count="0" type="cond" truecount="0" falsecount="2"/>
        <line num="486" count="0" type="stmt"/>
        <line num="487" count="0" type="stmt"/>
        <line num="488" count="0" type="stmt"/>
        <line num="490" count="0" type="stmt"/>
        <line num="498" count="0" type="cond" truecount="0" falsecount="4"/>
        <line num="499" count="0" type="stmt"/>
        <line num="500" count="0" type="stmt"/>
        <line num="502" count="0" type="stmt"/>
        <line num="503" count="0" type="stmt"/>
        <line num="506" count="0" type="stmt"/>
        <line num="511" count="0" type="stmt"/>
        <line num="537" count="0" type="stmt"/>
        <line num="539" count="0" type="stmt"/>
      </file>
      <file name="settings.ts" path="Z:\home\swoop\swoop-claude-projects\fresh-staged\backend\src\services\ttn\settings.ts">
        <metrics statements="23" coveredstatements="0" conditionals="19" coveredconditionals="0" methods="2" coveredmethods="2"/>
        <line num="17" count="0" type="stmt"/>
        <line num="21" count="0" type="cond" truecount="0" falsecount="2"/>
        <line num="23" count="0" type="stmt"/>
        <line num="43" count="0" type="stmt"/>
        <line num="47" count="0" type="cond" truecount="0" falsecount="5"/>
        <line num="48" count="0" type="stmt"/>
        <line num="58" count="0" type="cond" truecount="0" falsecount="2"/>
        <line num="59" count="0" type="stmt"/>
        <line num="63" count="0" type="stmt"/>
        <line num="66" count="0" type="stmt"/>
        <line num="67" count="0" type="stmt"/>
        <line num="68" count="0" type="stmt"/>
        <line num="70" count="0" type="stmt"/>
        <line num="81" count="0" type="cond" truecount="0" falsecount="2"/>
        <line num="82" count="0" type="stmt"/>
        <line num="83" count="0" type="stmt"/>
        <line num="84" count="0" type="stmt"/>
        <line num="85" count="0" type="stmt"/>
        <line num="87" count="0" type="stmt"/>
        <line num="90" count="0" type="stmt"/>
        <line num="91" count="0" type="stmt"/>
        <line num="95" count="0" type="stmt"/>
        <line num="97" count="0" type="stmt"/>
      </file>
      <file name="webhook.ts" path="Z:\home\swoop\swoop-claude-projects\fresh-staged\backend\src\services\ttn\webhook.ts">
        <metrics statements="48" coveredstatements="0" conditionals="30" coveredconditionals="0" methods="3" coveredmethods="3"/>
        <line num="22" count="0" type="stmt"/>
        <line num="25" count="0" type="stmt"/>
        <line num="30" count="0" type="cond" truecount="0" falsecount="2"/>
        <line num="32" count="0" type="cond" truecount="0" falsecount="2"/>
        <line num="33" count="0" type="stmt"/>
        <line num="36" count="0" type="stmt"/>
        <line num="45" count="0" type="stmt"/>
        <line num="46" count="0" type="stmt"/>
        <line num="49" count="0" type="stmt"/>
        <line num="67" count="0" type="stmt"/>
        <line num="70" count="0" type="stmt"/>
        <line num="86" count="0" type="cond" truecount="0" falsecount="2"/>
        <line num="87" count="0" type="stmt"/>
        <line num="88" count="0" type="stmt"/>
        <line num="95" count="0" type="stmt"/>
        <line num="100" count="0" type="stmt"/>
        <line num="111" count="0" type="stmt"/>
        <line num="115" count="0" type="cond" truecount="0" falsecount="5"/>
        <line num="116" count="0" type="stmt"/>
        <line num="122" count="0" type="cond" truecount="0" falsecount="2"/>
        <line num="123" count="0" type="stmt"/>
        <line num="124" count="0" type="stmt"/>
        <line num="125" count="0" type="stmt"/>
        <line num="129" count="0" type="stmt"/>
        <line num="135" count="0" type="cond" truecount="0" falsecount="2"/>
        <line num="136" count="0" type="stmt"/>
        <line num="137" count="0" type="cond" truecount="0" falsecount="2"/>
        <line num="140" count="0" type="stmt"/>
        <line num="142" count="0" type="stmt"/>
        <line num="150" count="0" type="cond" truecount="0" falsecount="2"/>
        <line num="151" count="0" type="stmt"/>
        <line num="157" count="0" type="stmt"/>
        <line num="166" count="0" type="stmt"/>
        <line num="170" count="0" type="cond" truecount="0" falsecount="5"/>
        <line num="171" count="0" type="stmt"/>
        <line num="177" count="0" type="cond" truecount="0" falsecount="2"/>
        <line num="178" count="0" type="stmt"/>
        <line num="179" count="0" type="stmt"/>
        <line num="180" count="0" type="stmt"/>
        <line num="183" count="0" type="stmt"/>
        <line num="187" count="0" type="cond" truecount="0" falsecount="2"/>
        <line num="189" count="0" type="stmt"/>
        <line num="200" count="0" type="stmt"/>
        <line num="202" count="0" type="stmt"/>
        <line num="210" count="0" type="cond" truecount="0" falsecount="2"/>
        <line num="211" count="0" type="stmt"/>
        <line num="218" count="0" type="stmt"/>
        <line num="226" count="0" type="stmt"/>
      </file>
    </package>
    <package name="src.trpc">
      <metrics statements="63" coveredstatements="59" conditionals="36" coveredconditionals="27" methods="6" coveredmethods="6"/>
      <file name="context.ts" path="Z:\home\swoop\swoop-claude-projects\fresh-staged\backend\src\trpc\context.ts">
        <metrics statements="14" coveredstatements="14" conditionals="14" coveredconditionals="14" methods="1" coveredmethods="1"/>
        <line num="27" count="58" type="stmt"/>
        <line num="28" count="58" type="stmt"/>
        <line num="32" count="58" type="cond" truecount="4" falsecount="0"/>
        <line num="33" count="44" type="stmt"/>
        <line num="34" count="14" type="cond" truecount="4" falsecount="0"/>
        <line num="35" count="2" type="stmt"/>
        <line num="36" count="2" type="cond" truecount="4" falsecount="0"/>
        <line num="37" count="1" type="stmt"/>
        <line num="42" count="58" type="stmt"/>
        <line num="44" count="58" type="cond" truecount="2" falsecount="0"/>
        <line num="45" count="45" type="stmt"/>
        <line num="46" count="45" type="stmt"/>
        <line num="47" count="36" type="stmt"/>
        <line num="58" count="58" type="stmt"/>
      </file>
      <file name="index.ts" path="Z:\home\swoop\swoop-claude-projects\fresh-staged\backend\src\trpc\index.ts">
        <metrics statements="5" coveredstatements="5" conditionals="0" coveredconditionals="0" methods="0" coveredmethods="0"/>
        <line num="15" count="35" type="stmt"/>
        <line num="21" count="35" type="stmt"/>
        <line num="27" count="35" type="stmt"/>
        <line num="33" count="35" type="stmt"/>
        <line num="39" count="35" type="stmt"/>
      </file>
      <file name="procedures.ts" path="Z:\home\swoop\swoop-claude-projects\fresh-staged\backend\src\trpc\procedures.ts">
        <metrics statements="43" coveredstatements="39" conditionals="22" coveredconditionals="13" methods="5" coveredmethods="5"/>
        <line num="18" count="34" type="stmt"/>
        <line num="19" count="359" type="stmt"/>
        <line num="22" count="359" type="stmt"/>
        <line num="24" count="359" type="stmt"/>
        <line num="27" count="359" type="cond" truecount="3" falsecount="1"/>
        <line num="29" count="0" type="cond" truecount="0" falsecount="2"/>
        <line num="37" count="0" type="stmt"/>
        <line num="42" count="359" type="cond" truecount="2" falsecount="0"/>
        <line num="43" count="44" type="stmt"/>
        <line num="46" count="359" type="stmt"/>
        <line num="53" count="34" type="stmt"/>
        <line num="54" count="359" type="cond" truecount="2" falsecount="0"/>
        <line num="55" count="17" type="stmt"/>
        <line num="62" count="342" type="stmt"/>
        <line num="76" count="34" type="stmt"/>
        <line num="87" count="34" type="stmt"/>
        <line num="89" count="322" type="stmt"/>
        <line num="92" count="322" type="stmt"/>
        <line num="93" count="322" type="stmt"/>
        <line num="95" count="322" type="cond" truecount="1" falsecount="1"/>
        <line num="96" count="0" type="stmt"/>
        <line num="103" count="322" type="stmt"/>
        <line num="105" count="322" type="cond" truecount="2" falsecount="0"/>
        <line num="106" count="2" type="stmt"/>
        <line num="113" count="320" type="stmt"/>
        <line num="121" count="320" type="stmt"/>
        <line num="142" count="34" type="stmt"/>
        <line num="150" count="14" type="stmt"/>
        <line num="151" count="14" type="stmt"/>
        <line num="152" count="14" type="stmt"/>
        <line num="153" count="14" type="stmt"/>
        <line num="156" count="14" type="stmt"/>
        <line num="162" count="14" type="cond" truecount="1" falsecount="1"/>
        <line num="163" count="0" type="stmt"/>
        <line num="166" count="14" type="stmt"/>
        <line num="167" count="14" type="stmt"/>
        <line num="174" count="34" type="stmt"/>
        <line num="176" count="14" type="stmt"/>
        <line num="178" count="14" type="stmt"/>
        <line num="179" count="14" type="cond" truecount="2" falsecount="0"/>
        <line num="180" count="2" type="stmt"/>
        <line num="187" count="12" type="stmt"/>
        <line num="198" count="34" type="stmt"/>
      </file>
      <file name="router.ts" path="Z:\home\swoop\swoop-claude-projects\fresh-staged\backend\src\trpc\router.ts">
        <metrics statements="1" coveredstatements="1" conditionals="0" coveredconditionals="0" methods="0" coveredmethods="0"/>
        <line num="48" count="18" type="stmt"/>
      </file>
    </package>
    <package name="src.utils">
      <metrics statements="45" coveredstatements="10" conditionals="24" coveredconditionals="3" methods="16" coveredmethods="3"/>
      <file name="errors.ts" path="Z:\home\swoop\swoop-claude-projects\fresh-staged\backend\src\utils\errors.ts">
        <metrics statements="6" coveredstatements="4" conditionals="0" coveredconditionals="0" methods="5" coveredmethods="3"/>
        <line num="5" count="18" type="stmt"/>
        <line num="17" count="23" type="stmt"/>
        <line num="33" count="13" type="stmt"/>
        <line num="46" count="1" type="stmt"/>
        <line num="58" count="0" type="stmt"/>
        <line num="70" count="0" type="stmt"/>
      </file>
      <file name="logger.ts" path="Z:\home\swoop\swoop-claude-projects\fresh-staged\backend\src\utils\logger.ts">
        <metrics statements="23" coveredstatements="5" conditionals="16" coveredconditionals="3" methods="8" coveredmethods="0"/>
        <line num="15" count="18" type="cond" truecount="2" falsecount="0"/>
        <line num="16" count="18" type="cond" truecount="1" falsecount="1"/>
        <line num="17" count="18" type="stmt"/>
        <line num="20" count="18" type="stmt"/>
        <line num="38" count="0" type="stmt"/>
        <line num="47" count="0" type="stmt"/>
        <line num="48" count="0" type="stmt"/>
        <line num="57" count="0" type="stmt"/>
        <line num="58" count="0" type="stmt"/>
        <line num="63" count="0" type="stmt"/>
        <line num="64" count="0" type="stmt"/>
        <line num="74" count="0" type="cond" truecount="0" falsecount="2"/>
        <line num="76" count="0" type="stmt"/>
        <line num="79" count="0" type="stmt"/>
        <line num="84" count="0" type="stmt"/>
        <line num="101" count="0" type="stmt"/>
        <line num="103" count="0" type="stmt"/>
        <line num="108" count="0" type="cond" truecount="0" falsecount="2"/>
        <line num="110" count="0" type="cond" truecount="0" falsecount="4"/>
        <line num="111" count="0" type="stmt"/>
        <line num="114" count="0" type="stmt"/>
        <line num="128" count="18" type="stmt"/>
        <line num="141" count="0" type="stmt"/>
      </file>
      <file name="unsubscribe-token.ts" path="Z:\home\swoop\swoop-claude-projects\fresh-staged\backend\src\utils\unsubscribe-token.ts">
        <metrics statements="16" coveredstatements="1" conditionals="8" coveredconditionals="0" methods="3" coveredmethods="0"/>
        <line num="16" count="18" type="stmt"/>
        <line num="17" count="0" type="cond" truecount="0" falsecount="2"/>
        <line num="18" count="0" type="cond" truecount="0" falsecount="2"/>
        <line num="19" count="0" type="stmt"/>
        <line num="23" count="0" type="stmt"/>
        <line num="45" count="0" type="stmt"/>
        <line num="47" count="0" type="stmt"/>
        <line num="63" count="0" type="stmt"/>
        <line num="64" count="0" type="stmt"/>
        <line num="65" count="0" type="stmt"/>
        <line num="68" count="0" type="cond" truecount="0" falsecount="2"/>
        <line num="72" count="0" type="stmt"/>
        <line num="73" count="0" type="stmt"/>
        <line num="76" count="0" type="stmt"/>
        <line num="79" count="0" type="stmt"/>
        <line num="80" count="0" type="stmt"/>
      </file>
    </package>
    <package name="src.workers.processors">
      <metrics statements="42" coveredstatements="32" conditionals="16" coveredconditionals="12" methods="4" coveredmethods="2"/>
      <file name="sms-notification.processor.ts" path="Z:\home\swoop\swoop-claude-projects\fresh-staged\backend\src\workers\processors\sms-notification.processor.ts">
        <metrics statements="42" coveredstatements="32" conditionals="16" coveredconditionals="12" methods="4" coveredmethods="2"/>
        <line num="33" count="11" type="stmt"/>
        <line num="35" count="11" type="stmt"/>
        <line num="36" count="11" type="stmt"/>
        <line num="37" count="11" type="cond" truecount="1" falsecount="1"/>
        <line num="40" count="11" type="cond" truecount="2" falsecount="0"/>
        <line num="41" count="3" type="stmt"/>
        <line num="42" count="3" type="stmt"/>
        <line num="45" count="3" type="cond" truecount="1" falsecount="1"/>
        <line num="46" count="0" type="stmt"/>
        <line num="50" count="3" type="stmt"/>
        <line num="54" count="8" type="stmt"/>
        <line num="55" count="8" type="cond" truecount="2" falsecount="0"/>
        <line num="56" count="1" type="stmt"/>
        <line num="59" count="7" type="stmt"/>
        <line num="60" count="7" type="stmt"/>
        <line num="65" count="2" type="stmt"/>
        <line num="66" count="2" type="stmt"/>
        <line num="69" count="2" type="cond" truecount="2" falsecount="0"/>
        <line num="70" count="1" type="stmt"/>
        <line num="73" count="2" type="stmt"/>
        <line num="78" count="5" type="stmt"/>
        <line num="79" count="5" type="stmt"/>
        <line num="80" count="5" type="stmt"/>
        <line num="82" count="5" type="stmt"/>
        <line num="83" count="5" type="stmt"/>
        <line num="85" count="5" type="cond" truecount="2" falsecount="0"/>
        <line num="86" count="2" type="stmt"/>
        <line num="89" count="2" type="cond" truecount="1" falsecount="1"/>
        <line num="90" count="0" type="stmt"/>
        <line num="94" count="2" type="stmt"/>
        <line num="100" count="3" type="cond" truecount="1" falsecount="1"/>
        <line num="101" count="0" type="stmt"/>
        <line num="105" count="3" type="stmt"/>
        <line num="112" count="1" type="stmt"/>
        <line num="113" count="1" type="stmt"/>
        <line num="122" count="0" type="stmt"/>
        <line num="128" count="0" type="stmt"/>
        <line num="129" count="0" type="stmt"/>
        <line num="138" count="0" type="stmt"/>
        <line num="143" count="0" type="stmt"/>
        <line num="144" count="0" type="stmt"/>
        <line num="152" count="0" type="stmt"/>
      </file>
    </package>
    <package name="tests.mocks">
      <metrics statements="33" coveredstatements="11" conditionals="6" coveredconditionals="0" methods="17" coveredmethods="5"/>
      <file name="bullmq.mock.ts" path="Z:\home\swoop\swoop-claude-projects\fresh-staged\backend\tests\mocks\bullmq.mock.ts">
        <metrics statements="33" coveredstatements="11" conditionals="6" coveredconditionals="0" methods="17" coveredmethods="5"/>
        <line num="45" count="3" type="stmt"/>
        <line num="46" count="3" type="stmt"/>
        <line num="50" count="3" type="stmt"/>
        <line num="51" count="3" type="stmt"/>
        <line num="59" count="3" type="stmt"/>
        <line num="60" count="3" type="stmt"/>
        <line num="61" count="3" type="stmt"/>
        <line num="62" count="3" type="stmt"/>
        <line num="69" count="2" type="stmt"/>
        <line num="82" count="1" type="stmt"/>
        <line num="96" count="0" type="stmt"/>
        <line num="103" count="0" type="stmt"/>
        <line num="104" count="0" type="stmt"/>
        <line num="124" count="0" type="stmt"/>
        <line num="125" count="0" type="stmt"/>
        <line num="126" count="0" type="stmt"/>
        <line num="140" count="0" type="stmt"/>
        <line num="152" count="0" type="stmt"/>
        <line num="155" count="0" type="stmt"/>
        <line num="156" count="0" type="stmt"/>
        <line num="163" count="0" type="cond" truecount="0" falsecount="2"/>
        <line num="164" count="0" type="stmt"/>
        <line num="165" count="0" type="stmt"/>
        <line num="166" count="0" type="stmt"/>
        <line num="173" count="0" type="cond" truecount="0" falsecount="2"/>
        <line num="174" count="0" type="stmt"/>
        <line num="176" count="0" type="stmt"/>
        <line num="178" count="0" type="stmt"/>
        <line num="185" count="0" type="cond" truecount="0" falsecount="2"/>
        <line num="186" count="0" type="stmt"/>
        <line num="187" count="0" type="stmt"/>
        <line num="194" count="0" type="stmt"/>
        <line num="201" count="1" type="stmt"/>
      </file>
    </package>
  </project>
</coverage>
